
*** Running vivado
    with args -log traffic_light.vdi -applog -m64 -product Vivado -messageDb vivado.pb -mode batch -source traffic_light.tcl -notrace



****** Vivado v2021.2 (64-bit)
  **** SW Build 3367213 on Tue Oct 19 02:48:09 MDT 2021
  **** IP Build 3369179 on Thu Oct 21 08:25:16 MDT 2021
    ** Copyright 1986-2021 Xilinx, Inc. All Rights Reserved.

source traffic_light.tcl -notrace
Command: link_design -top traffic_light -part xc7z020clg400-1
Design is defaulting to srcset: sources_1
Design is defaulting to constrset: constrs_1
INFO: [Device 21-403] Loading part xc7z020clg400-1
Netlist sorting complete. Time (s): cpu = 00:00:00 ; elapsed = 00:00:00 . Memory (MB): peak = 1260.180 ; gain = 0.000
INFO: [Project 1-479] Netlist was created with Vivado 2021.2
INFO: [Project 1-570] Preparing netlist for logic optimization
Parsing XDC File [F:/FPGA/traffic_light/constrain.xdc]
Finished Parsing XDC File [F:/FPGA/traffic_light/constrain.xdc]
INFO: [Opt 31-138] Pushed 0 inverter(s) to 0 load pin(s).
Netlist sorting complete. Time (s): cpu = 00:00:00 ; elapsed = 00:00:00 . Memory (MB): peak = 1260.180 ; gain = 0.000
INFO: [Project 1-111] Unisim Transformation Summary:
No Unisim elements were transformed.

5 Infos, 0 Warnings, 0 Critical Warnings and 0 Errors encountered.
link_design completed successfully
Command: opt_design
Attempting to get a license for feature 'Implementation' and/or device 'xc7z020'
INFO: [Common 17-349] Got license for feature 'Implementation' and/or device 'xc7z020'
Running DRC as a precondition to command opt_design

Starting DRC Task
INFO: [DRC 23-27] Running DRC with 2 threads
INFO: [Project 1-461] DRC finished with 0 Errors
INFO: [Project 1-462] Please refer to the DRC report (report_drc) for more information.

Time (s): cpu = 00:00:02 ; elapsed = 00:00:00.692 . Memory (MB): peak = 1260.180 ; gain = 0.000

Starting Cache Timing Information Task
INFO: [Timing 38-35] Done setting XDC timing constraints.
Ending Cache Timing Information Task | Checksum: 12ab1d970

Time (s): cpu = 00:00:05 ; elapsed = 00:00:05 . Memory (MB): peak = 1462.320 ; gain = 202.141

Starting Logic Optimization Task

Phase 1 Retarget
INFO: [Opt 31-138] Pushed 0 inverter(s) to 0 load pin(s).
INFO: [Opt 31-49] Retargeted 0 cell(s).
Phase 1 Retarget | Checksum: 12ab1d970

Time (s): cpu = 00:00:00 ; elapsed = 00:00:00.016 . Memory (MB): peak = 1760.258 ; gain = 0.000
INFO: [Opt 31-389] Phase Retarget created 0 cells and removed 0 cells

Phase 2 Constant propagation
INFO: [Opt 31-138] Pushed 0 inverter(s) to 0 load pin(s).
Phase 2 Constant propagation | Checksum: 12ab1d970

Time (s): cpu = 00:00:00 ; elapsed = 00:00:00.017 . Memory (MB): peak = 1760.258 ; gain = 0.000
INFO: [Opt 31-389] Phase Constant propagation created 0 cells and removed 0 cells

Phase 3 Sweep
Phase 3 Sweep | Checksum: 12ab1d970

Time (s): cpu = 00:00:00 ; elapsed = 00:00:00.018 . Memory (MB): peak = 1760.258 ; gain = 0.000
INFO: [Opt 31-389] Phase Sweep created 0 cells and removed 0 cells

Phase 4 BUFG optimization
Phase 4 BUFG optimization | Checksum: 12ab1d970

Time (s): cpu = 00:00:00 ; elapsed = 00:00:00.019 . Memory (MB): peak = 1760.258 ; gain = 0.000
INFO: [Opt 31-662] Phase BUFG optimization created 0 cells of which 0 are BUFGs and removed 0 cells.

Phase 5 Shift Register Optimization
INFO: [Opt 31-1064] SRL Remap converted 0 SRLs to 0 registers and converted 0 registers of register chains to 0 SRLs
Phase 5 Shift Register Optimization | Checksum: 12ab1d970

Time (s): cpu = 00:00:00 ; elapsed = 00:00:00.020 . Memory (MB): peak = 1760.258 ; gain = 0.000
INFO: [Opt 31-389] Phase Shift Register Optimization created 0 cells and removed 0 cells

Phase 6 Post Processing Netlist
Phase 6 Post Processing Netlist | Checksum: 12ab1d970

Time (s): cpu = 00:00:00 ; elapsed = 00:00:00.021 . Memory (MB): peak = 1760.258 ; gain = 0.000
INFO: [Opt 31-389] Phase Post Processing Netlist created 0 cells and removed 0 cells
Opt_design Change Summary
=========================


-------------------------------------------------------------------------------------------------------------------------
|  Phase                        |  #Cells created  |  #Cells Removed  |  #Constrained objects preventing optimizations  |
-------------------------------------------------------------------------------------------------------------------------
|  Retarget                     |               0  |               0  |                                              0  |
|  Constant propagation         |               0  |               0  |                                              0  |
|  Sweep                        |               0  |               0  |                                              0  |
|  BUFG optimization            |               0  |               0  |                                              0  |
|  Shift Register Optimization  |               0  |               0  |                                              0  |
|  Post Processing Netlist      |               0  |               0  |                                              0  |
-------------------------------------------------------------------------------------------------------------------------



Starting Connectivity Check Task

Time (s): cpu = 00:00:00 ; elapsed = 00:00:00 . Memory (MB): peak = 1760.258 ; gain = 0.000
Ending Logic Optimization Task | Checksum: 12ab1d970

Time (s): cpu = 00:00:00 ; elapsed = 00:00:00.022 . Memory (MB): peak = 1760.258 ; gain = 0.000

Starting Power Optimization Task
INFO: [Pwropt 34-132] Skipping clock gating for clocks with a period < 2.00 ns.
Ending Power Optimization Task | Checksum: 12ab1d970

Time (s): cpu = 00:00:00 ; elapsed = 00:00:00.005 . Memory (MB): peak = 1760.258 ; gain = 0.000

Starting Final Cleanup Task
Ending Final Cleanup Task | Checksum: 12ab1d970

Time (s): cpu = 00:00:00 ; elapsed = 00:00:00 . Memory (MB): peak = 1760.258 ; gain = 0.000

Starting Netlist Obfuscation Task
Netlist sorting complete. Time (s): cpu = 00:00:00 ; elapsed = 00:00:00.001 . Memory (MB): peak = 1760.258 ; gain = 0.000
Ending Netlist Obfuscation Task | Checksum: 12ab1d970

Time (s): cpu = 00:00:00 ; elapsed = 00:00:00.001 . Memory (MB): peak = 1760.258 ; gain = 0.000
INFO: [Common 17-83] Releasing license: Implementation
22 Infos, 0 Warnings, 0 Critical Warnings and 0 Errors encountered.
opt_design completed successfully
opt_design: Time (s): cpu = 00:00:09 ; elapsed = 00:00:08 . Memory (MB): peak = 1760.258 ; gain = 500.078
INFO: [Timing 38-480] Writing timing data to binary archive.
Writing placer database...
Writing XDEF routing.
Writing XDEF routing logical nets.
Writing XDEF routing special nets.
Write XDEF Complete: Time (s): cpu = 00:00:00 ; elapsed = 00:00:00.035 . Memory (MB): peak = 1760.258 ; gain = 0.000
INFO: [Common 17-1381] The checkpoint 'F:/FPGA/traffic_light/version1/syn/traffic_light/traffic_light.runs/impl_1/traffic_light_opt.dcp' has been generated.
INFO: [runtcl-4] Executing : report_drc -file traffic_light_drc_opted.rpt -pb traffic_light_drc_opted.pb -rpx traffic_light_drc_opted.rpx
Command: report_drc -file traffic_light_drc_opted.rpt -pb traffic_light_drc_opted.pb -rpx traffic_light_drc_opted.rpx
INFO: [IP_Flow 19-234] Refreshing IP repositories
INFO: [IP_Flow 19-1704] No user IP repositories specified
INFO: [IP_Flow 19-2313] Loaded Vivado IP repository 'E:/Xilinx/Vivado/2021.2/data/ip'.
INFO: [Timing 38-35] Done setting XDC timing constraints.
INFO: [DRC 23-27] Running DRC with 2 threads
INFO: [Vivado_Tcl 2-168] The results of DRC are in file F:/FPGA/traffic_light/version1/syn/traffic_light/traffic_light.runs/impl_1/traffic_light_drc_opted.rpt.
report_drc completed successfully
Command: place_design
Attempting to get a license for feature 'Implementation' and/or device 'xc7z020'
INFO: [Common 17-349] Got license for feature 'Implementation' and/or device 'xc7z020'
INFO: [DRC 23-27] Running DRC with 2 threads
INFO: [Vivado_Tcl 4-198] DRC finished with 0 Errors
INFO: [Vivado_Tcl 4-199] Please refer to the DRC report (report_drc) for more information.
Running DRC as a precondition to command place_design
INFO: [DRC 23-27] Running DRC with 2 threads
INFO: [Vivado_Tcl 4-198] DRC finished with 0 Errors
INFO: [Vivado_Tcl 4-199] Please refer to the DRC report (report_drc) for more information.

Starting Placer Task
INFO: [Place 30-611] Multithreading enabled for place_design using a maximum of 2 CPUs

Phase 1 Placer Initialization

Phase 1.1 Placer Initialization Netlist Sorting
Netlist sorting complete. Time (s): cpu = 00:00:00 ; elapsed = 00:00:00 . Memory (MB): peak = 1800.355 ; gain = 0.000
Phase 1.1 Placer Initialization Netlist Sorting | Checksum: 1166332e5

Time (s): cpu = 00:00:00 ; elapsed = 00:00:00.004 . Memory (MB): peak = 1800.355 ; gain = 0.000
Netlist sorting complete. Time (s): cpu = 00:00:00 ; elapsed = 00:00:00 . Memory (MB): peak = 1800.355 ; gain = 0.000

Phase 1.2 IO Placement/ Clock Placement/ Build Placer Device
Phase 1.2 IO Placement/ Clock Placement/ Build Placer Device | Checksum: 1416d65bc

Time (s): cpu = 00:00:01 ; elapsed = 00:00:00.228 . Memory (MB): peak = 1800.355 ; gain = 0.000

Phase 1.3 Build Placer Netlist Model
Phase 1.3 Build Placer Netlist Model | Checksum: 1f919c73c

Time (s): cpu = 00:00:01 ; elapsed = 00:00:00.298 . Memory (MB): peak = 1800.355 ; gain = 0.000

Phase 1.4 Constrain Clocks/Macros
Phase 1.4 Constrain Clocks/Macros | Checksum: 1f919c73c

Time (s): cpu = 00:00:01 ; elapsed = 00:00:00.299 . Memory (MB): peak = 1800.355 ; gain = 0.000
Phase 1 Placer Initialization | Checksum: 1f919c73c

Time (s): cpu = 00:00:01 ; elapsed = 00:00:00.301 . Memory (MB): peak = 1800.355 ; gain = 0.000

Phase 2 Global Placement

Phase 2.1 Floorplanning
Phase 2.1 Floorplanning | Checksum: 14f9350b9

Time (s): cpu = 00:00:01 ; elapsed = 00:00:00.373 . Memory (MB): peak = 1800.355 ; gain = 0.000

Phase 2.2 Update Timing before SLR Path Opt
Phase 2.2 Update Timing before SLR Path Opt | Checksum: 1a0c970a7

Time (s): cpu = 00:00:01 ; elapsed = 00:00:00.414 . Memory (MB): peak = 1800.355 ; gain = 0.000

Phase 2.3 Post-Processing in Floorplanning
Phase 2.3 Post-Processing in Floorplanning | Checksum: 1a0c970a7

Time (s): cpu = 00:00:01 ; elapsed = 00:00:00.414 . Memory (MB): peak = 1800.355 ; gain = 0.000

Phase 2.4 Global Placement Core

Phase 2.4.1 Physical Synthesis In Placer
INFO: [Physopt 32-1044] Break lutnm for timing: one critical 0, two critical 0, total 0, new lutff created 0
INFO: [Physopt 32-1138] End 1 Pass. Optimized 0 net or LUT. Breaked 0 LUT, combined 0 existing LUT and moved 0 existing LUT
INFO: [Physopt 32-65] No nets found for high-fanout optimization.
INFO: [Physopt 32-232] Optimized 0 net. Created 0 new instance.
INFO: [Physopt 32-775] End 1 Pass. Optimized 0 net or cell. Created 0 new cell, deleted 0 existing cell and moved 0 existing cell
INFO: [Physopt 32-670] No setup violation found.  DSP Register Optimization was not performed.
INFO: [Physopt 32-670] No setup violation found.  Shift Register to Pipeline Optimization was not performed.
INFO: [Physopt 32-670] No setup violation found.  Shift Register Optimization was not performed.
INFO: [Physopt 32-670] No setup violation found.  BRAM Register Optimization was not performed.
INFO: [Physopt 32-670] No setup violation found.  URAM Register Optimization was not performed.
INFO: [Physopt 32-949] No candidate nets found for dynamic/static region interface net replication
INFO: [Physopt 32-775] End 1 Pass. Optimized 0 net or cell. Created 0 new cell, deleted 0 existing cell and moved 0 existing cell
Netlist sorting complete. Time (s): cpu = 00:00:00 ; elapsed = 00:00:00 . Memory (MB): peak = 1800.355 ; gain = 0.000

Summary of Physical Synthesis Optimizations
============================================


-----------------------------------------------------------------------------------------------------------------------------------------------------------
|  Optimization                                     |  Added Cells  |  Removed Cells  |  Optimized Cells/Nets  |  Dont Touch  |  Iterations  |  Elapsed   |
-----------------------------------------------------------------------------------------------------------------------------------------------------------
|  LUT Combining                                    |            0  |              0  |                     0  |           0  |           1  |  00:00:00  |
|  Retime                                           |            0  |              0  |                     0  |           0  |           1  |  00:00:00  |
|  Very High Fanout                                 |            0  |              0  |                     0  |           0  |           1  |  00:00:00  |
|  DSP Register                                     |            0  |              0  |                     0  |           0  |           0  |  00:00:00  |
|  Shift Register to Pipeline                       |            0  |              0  |                     0  |           0  |           0  |  00:00:00  |
|  Shift Register                                   |            0  |              0  |                     0  |           0  |           0  |  00:00:00  |
|  BRAM Register                                    |            0  |              0  |                     0  |           0  |           0  |  00:00:00  |
|  URAM Register                                    |            0  |              0  |                     0  |           0  |           0  |  00:00:00  |
|  Dynamic/Static Region Interface Net Replication  |            0  |              0  |                     0  |           0  |           1  |  00:00:00  |
|  Total                                            |            0  |              0  |                     0  |           0  |           4  |  00:00:00  |
-----------------------------------------------------------------------------------------------------------------------------------------------------------


Phase 2.4.1 Physical Synthesis In Placer | Checksum: 23d283db0

Time (s): cpu = 00:00:02 ; elapsed = 00:00:00.862 . Memory (MB): peak = 1800.355 ; gain = 0.000
Phase 2.4 Global Placement Core | Checksum: 15dcd9648

Time (s): cpu = 00:00:02 ; elapsed = 00:00:00.885 . Memory (MB): peak = 1800.355 ; gain = 0.000
Phase 2 Global Placement | Checksum: 15dcd9648

Time (s): cpu = 00:00:02 ; elapsed = 00:00:00.887 . Memory (MB): peak = 1800.355 ; gain = 0.000

Phase 3 Detail Placement

Phase 3.1 Commit Multi Column Macros
Phase 3.1 Commit Multi Column Macros | Checksum: 1ea196b56

Time (s): cpu = 00:00:02 ; elapsed = 00:00:00.925 . Memory (MB): peak = 1800.355 ; gain = 0.000

Phase 3.2 Commit Most Macros & LUTRAMs
Phase 3.2 Commit Most Macros & LUTRAMs | Checksum: 1ce60de26

Time (s): cpu = 00:00:02 ; elapsed = 00:00:00.994 . Memory (MB): peak = 1800.355 ; gain = 0.000

Phase 3.3 Area Swap Optimization
Phase 3.3 Area Swap Optimization | Checksum: 222236d44

Time (s): cpu = 00:00:02 ; elapsed = 00:00:00.998 . Memory (MB): peak = 1800.355 ; gain = 0.000

Phase 3.4 Pipeline Register Optimization
Phase 3.4 Pipeline Register Optimization | Checksum: 21d5c285d

Time (s): cpu = 00:00:02 ; elapsed = 00:00:00.998 . Memory (MB): peak = 1800.355 ; gain = 0.000

Phase 3.5 Small Shape Detail Placement
Phase 3.5 Small Shape Detail Placement | Checksum: 15eb26b85

Time (s): cpu = 00:00:02 ; elapsed = 00:00:01 . Memory (MB): peak = 1800.355 ; gain = 0.000

Phase 3.6 Re-assign LUT pins
Phase 3.6 Re-assign LUT pins | Checksum: 1ff9b23ab

Time (s): cpu = 00:00:02 ; elapsed = 00:00:01 . Memory (MB): peak = 1800.355 ; gain = 0.000

Phase 3.7 Pipeline Register Optimization
Phase 3.7 Pipeline Register Optimization | Checksum: 22af3e092

Time (s): cpu = 00:00:02 ; elapsed = 00:00:01 . Memory (MB): peak = 1800.355 ; gain = 0.000
Phase 3 Detail Placement | Checksum: 22af3e092

Time (s): cpu = 00:00:02 ; elapsed = 00:00:01 . Memory (MB): peak = 1800.355 ; gain = 0.000

Phase 4 Post Placement Optimization and Clean-Up

Phase 4.1 Post Commit Optimization
INFO: [Timing 38-35] Done setting XDC timing constraints.

Phase 4.1.1 Post Placement Optimization
Post Placement Optimization Initialization | Checksum: 1d2e19e4e

Phase 4.1.1.1 BUFG Insertion

Starting Physical Synthesis Task

Phase 1 Physical Synthesis Initialization
INFO: [Physopt 32-721] Multithreading enabled for phys_opt_design using a maximum of 2 CPUs
INFO: [Physopt 32-619] Estimated Timing Summary | WNS=5.273 | TNS=0.000 |
Phase 1 Physical Synthesis Initialization | Checksum: 10007377b

Time (s): cpu = 00:00:00 ; elapsed = 00:00:00.007 . Memory (MB): peak = 1800.355 ; gain = 0.000
INFO: [Place 46-56] BUFG insertion identified 0 candidate nets. Inserted BUFG: 0, Replicated BUFG Driver: 0, Skipped due to Placement/Routing Conflicts: 0, Skipped due to Timing Degradation: 0, Skipped due to Illegal Netlist: 0.
Ending Physical Synthesis Task | Checksum: 109e17270

Time (s): cpu = 00:00:00 ; elapsed = 00:00:00.008 . Memory (MB): peak = 1800.355 ; gain = 0.000
Phase 4.1.1.1 BUFG Insertion | Checksum: 1d2e19e4e

Time (s): cpu = 00:00:02 ; elapsed = 00:00:01 . Memory (MB): peak = 1800.355 ; gain = 0.000

Phase 4.1.1.2 Post Placement Timing Optimization
INFO: [Place 30-746] Post Placement Timing Summary WNS=5.273. For the most accurate timing information please run report_timing.
Phase 4.1.1.2 Post Placement Timing Optimization | Checksum: 1bf3fdc10

Time (s): cpu = 00:00:02 ; elapsed = 00:00:01 . Memory (MB): peak = 1800.355 ; gain = 0.000

Time (s): cpu = 00:00:02 ; elapsed = 00:00:01 . Memory (MB): peak = 1800.355 ; gain = 0.000
Phase 4.1 Post Commit Optimization | Checksum: 1bf3fdc10

Time (s): cpu = 00:00:02 ; elapsed = 00:00:01 . Memory (MB): peak = 1800.355 ; gain = 0.000

Phase 4.2 Post Placement Cleanup
Phase 4.2 Post Placement Cleanup | Checksum: 1bf3fdc10

Time (s): cpu = 00:00:02 ; elapsed = 00:00:01 . Memory (MB): peak = 1800.355 ; gain = 0.000

Phase 4.3 Placer Reporting

Phase 4.3.1 Print Estimated Congestion
INFO: [Place 30-612] Post-Placement Estimated Congestion 
 ____________________________________________________
|           | Global Congestion | Short Congestion  |
| Direction | Region Size       | Region Size       |
|___________|___________________|___________________|
|      North|                1x1|                1x1|
|___________|___________________|___________________|
|      South|                1x1|                1x1|
|___________|___________________|___________________|
|       East|                1x1|                1x1|
|___________|___________________|___________________|
|       West|                1x1|                1x1|
|___________|___________________|___________________|

Phase 4.3.1 Print Estimated Congestion | Checksum: 1bf3fdc10

Time (s): cpu = 00:00:02 ; elapsed = 00:00:01 . Memory (MB): peak = 1800.355 ; gain = 0.000
Phase 4.3 Placer Reporting | Checksum: 1bf3fdc10

Time (s): cpu = 00:00:02 ; elapsed = 00:00:01 . Memory (MB): peak = 1800.355 ; gain = 0.000

Phase 4.4 Final Placement Cleanup
Netlist sorting complete. Time (s): cpu = 00:00:00 ; elapsed = 00:00:00 . Memory (MB): peak = 1800.355 ; gain = 0.000

Time (s): cpu = 00:00:02 ; elapsed = 00:00:01 . Memory (MB): peak = 1800.355 ; gain = 0.000
Phase 4 Post Placement Optimization and Clean-Up | Checksum: 21a0e86a9

Time (s): cpu = 00:00:02 ; elapsed = 00:00:01 . Memory (MB): peak = 1800.355 ; gain = 0.000
Ending Placer Task | Checksum: 15061767e

Time (s): cpu = 00:00:02 ; elapsed = 00:00:01 . Memory (MB): peak = 1800.355 ; gain = 0.000
INFO: [Common 17-83] Releasing license: Implementation
58 Infos, 0 Warnings, 0 Critical Warnings and 0 Errors encountered.
place_design completed successfully
INFO: [Timing 38-480] Writing timing data to binary archive.
Writing placer database...
Writing XDEF routing.
Writing XDEF routing logical nets.
Writing XDEF routing special nets.
Write XDEF Complete: Time (s): cpu = 00:00:00 ; elapsed = 00:00:00.038 . Memory (MB): peak = 1800.355 ; gain = 0.000
INFO: [Common 17-1381] The checkpoint 'F:/FPGA/traffic_light/version1/syn/traffic_light/traffic_light.runs/impl_1/traffic_light_placed.dcp' has been generated.
INFO: [runtcl-4] Executing : report_io -file traffic_light_io_placed.rpt
report_io: Time (s): cpu = 00:00:01 ; elapsed = 00:00:00.040 . Memory (MB): peak = 1800.355 ; gain = 0.000
INFO: [runtcl-4] Executing : report_utilization -file traffic_light_utilization_placed.rpt -pb traffic_light_utilization_placed.pb
INFO: [runtcl-4] Executing : report_control_sets -verbose -file traffic_light_control_sets_placed.rpt
report_control_sets: Time (s): cpu = 00:00:00 ; elapsed = 00:00:00.001 . Memory (MB): peak = 1800.355 ; gain = 0.000
Command: phys_opt_design
Attempting to get a license for feature 'Implementation' and/or device 'xc7z020'
INFO: [Common 17-349] Got license for feature 'Implementation' and/or device 'xc7z020'
INFO: [Vivado_Tcl 4-383] Design worst setup slack (WNS) is greater than or equal to 0.000 ns. Skipping all physical synthesis optimizations.
INFO: [Vivado_Tcl 4-232] No setup violation found. The netlist was not modified.
INFO: [Common 17-83] Releasing license: Implementation
67 Infos, 0 Warnings, 0 Critical Warnings and 0 Errors encountered.
phys_opt_design completed successfully
INFO: [Timing 38-480] Writing timing data to binary archive.
Writing placer database...
Writing XDEF routing.
Writing XDEF routing logical nets.
Writing XDEF routing special nets.
Write XDEF Complete: Time (s): cpu = 00:00:00 ; elapsed = 00:00:00.038 . Memory (MB): peak = 1806.336 ; gain = 5.980
INFO: [Common 17-1381] The checkpoint 'F:/FPGA/traffic_light/version1/syn/traffic_light/traffic_light.runs/impl_1/traffic_light_physopt.dcp' has been generated.
Command: route_design
Attempting to get a license for feature 'Implementation' and/or device 'xc7z020'
INFO: [Common 17-349] Got license for feature 'Implementation' and/or device 'xc7z020'
Running DRC as a precondition to command route_design
INFO: [DRC 23-27] Running DRC with 2 threads
INFO: [Vivado_Tcl 4-198] DRC finished with 0 Errors
INFO: [Vivado_Tcl 4-199] Please refer to the DRC report (report_drc) for more information.


Starting Routing Task
INFO: [Route 35-254] Multithreading enabled for route_design using a maximum of 2 CPUs

Phase 1 Build RT Design
Checksum: PlaceDB: e7290d5e ConstDB: 0 ShapeSum: 69386920 RouteDB: 0
Post Restoration Checksum: NetGraph: fddd40a7 NumContArr: 2d93b3c0 Constraints: 0 Timing: 0
Phase 1 Build RT Design | Checksum: 12b70f467

Time (s): cpu = 00:00:18 ; elapsed = 00:00:16 . Memory (MB): peak = 1904.352 ; gain = 87.918

Phase 2 Router Initialization

Phase 2.1 Create Timer
Phase 2.1 Create Timer | Checksum: 12b70f467

Time (s): cpu = 00:00:18 ; elapsed = 00:00:16 . Memory (MB): peak = 1904.379 ; gain = 87.945

Phase 2.2 Fix Topology Constraints
Phase 2.2 Fix Topology Constraints | Checksum: 12b70f467

Time (s): cpu = 00:00:18 ; elapsed = 00:00:16 . Memory (MB): peak = 1910.945 ; gain = 94.512

Phase 2.3 Pre Route Cleanup
Phase 2.3 Pre Route Cleanup | Checksum: 12b70f467

Time (s): cpu = 00:00:18 ; elapsed = 00:00:16 . Memory (MB): peak = 1910.945 ; gain = 94.512
 Number of Nodes with overlaps = 0

Phase 2.4 Update Timing
Phase 2.4 Update Timing | Checksum: 76f71e49

Time (s): cpu = 00:00:19 ; elapsed = 00:00:16 . Memory (MB): peak = 1927.996 ; gain = 111.562
INFO: [Route 35-416] Intermediate Timing Summary | WNS=5.155  | TNS=0.000  | WHS=-0.097 | THS=-1.776 |


Router Utilization Summary
  Global Vertical Routing Utilization    = 0.000155328 %
  Global Horizontal Routing Utilization  = 0 %
  Routable Net Status*
  *Does not include unroutable nets such as driverless and loadless.
  Run report_route_status for detailed report.
  Number of Failed Nets               = 61
    (Failed Nets is the sum of unrouted and partially routed nets)
  Number of Unrouted Nets             = 61
  Number of Partially Routed Nets     = 0
  Number of Node Overlaps             = 0

Phase 2 Router Initialization | Checksum: ffabab9c

Time (s): cpu = 00:00:19 ; elapsed = 00:00:16 . Memory (MB): peak = 1927.996 ; gain = 111.562

Phase 3 Initial Routing

Phase 3.1 Global Routing
Phase 3.1 Global Routing | Checksum: ffabab9c

Time (s): cpu = 00:00:19 ; elapsed = 00:00:16 . Memory (MB): peak = 1927.996 ; gain = 111.562
Phase 3 Initial Routing | Checksum: 13b1b0077

Time (s): cpu = 00:00:19 ; elapsed = 00:00:16 . Memory (MB): peak = 1927.996 ; gain = 111.562

Phase 4 Rip-up And Reroute

Phase 4.1 Global Iteration 0
 Number of Nodes with overlaps = 6
 Number of Nodes with overlaps = 0
INFO: [Route 35-416] Intermediate Timing Summary | WNS=5.095  | TNS=0.000  | WHS=N/A    | THS=N/A    |

Phase 4.1 Global Iteration 0 | Checksum: 22d3b6788

Time (s): cpu = 00:00:19 ; elapsed = 00:00:17 . Memory (MB): peak = 1927.996 ; gain = 111.562
Phase 4 Rip-up And Reroute | Checksum: 22d3b6788

Time (s): cpu = 00:00:19 ; elapsed = 00:00:17 . Memory (MB): peak = 1927.996 ; gain = 111.562

Phase 5 Delay and Skew Optimization

Phase 5.1 Delay CleanUp

Phase 5.1.1 Update Timing
Phase 5.1.1 Update Timing | Checksum: 21ac0815e

Time (s): cpu = 00:00:19 ; elapsed = 00:00:17 . Memory (MB): peak = 1927.996 ; gain = 111.562
INFO: [Route 35-416] Intermediate Timing Summary | WNS=5.012  | TNS=0.000  | WHS=N/A    | THS=N/A    |

Phase 5.1 Delay CleanUp | Checksum: 21ac0815e

Time (s): cpu = 00:00:19 ; elapsed = 00:00:17 . Memory (MB): peak = 1927.996 ; gain = 111.562

Phase 5.2 Clock Skew Optimization
Phase 5.2 Clock Skew Optimization | Checksum: 21ac0815e

Time (s): cpu = 00:00:19 ; elapsed = 00:00:17 . Memory (MB): peak = 1927.996 ; gain = 111.562
Phase 5 Delay and Skew Optimization | Checksum: 21ac0815e

Time (s): cpu = 00:00:19 ; elapsed = 00:00:17 . Memory (MB): peak = 1927.996 ; gain = 111.562

Phase 6 Post Hold Fix

Phase 6.1 Hold Fix Iter

Phase 6.1.1 Update Timing
Phase 6.1.1 Update Timing | Checksum: 263e16f19

Time (s): cpu = 00:00:19 ; elapsed = 00:00:17 . Memory (MB): peak = 1927.996 ; gain = 111.562
INFO: [Route 35-416] Intermediate Timing Summary | WNS=3.388  | TNS=0.000  | WHS=-1.578 | THS=-45.197|

Phase 6.1 Hold Fix Iter | Checksum: 1c6c6b95c

Time (s): cpu = 00:00:19 ; elapsed = 00:00:17 . Memory (MB): peak = 1929.691 ; gain = 113.258
Phase 6 Post Hold Fix | Checksum: 1f6ca1f5c

Time (s): cpu = 00:00:19 ; elapsed = 00:00:17 . Memory (MB): peak = 1929.691 ; gain = 113.258

Phase 7 Route finalize

Router Utilization Summary
  Global Vertical Routing Utilization    = 0.0168272 %
  Global Horizontal Routing Utilization  = 0.00997296 %
  Routable Net Status*
  *Does not include unroutable nets such as driverless and loadless.
  Run report_route_status for detailed report.
  Number of Failed Nets               = 0
    (Failed Nets is the sum of unrouted and partially routed nets)
  Number of Unrouted Nets             = 0
  Number of Partially Routed Nets     = 0
  Number of Node Overlaps             = 0

Phase 7 Route finalize | Checksum: 1b9bd99e8

Time (s): cpu = 00:00:19 ; elapsed = 00:00:17 . Memory (MB): peak = 1929.691 ; gain = 113.258

Phase 8 Verifying routed nets

 Verification completed successfully
Phase 8 Verifying routed nets | Checksum: 1b9bd99e8

Time (s): cpu = 00:00:19 ; elapsed = 00:00:17 . Memory (MB): peak = 1929.691 ; gain = 113.258

Phase 9 Depositing Routes
Phase 9 Depositing Routes | Checksum: 1eed04157

Time (s): cpu = 00:00:19 ; elapsed = 00:00:17 . Memory (MB): peak = 1929.691 ; gain = 113.258

Phase 10 Post Router Timing

Phase 10.1 Update Timing
Phase 10.1 Update Timing | Checksum: 2965ef40f

Time (s): cpu = 00:00:19 ; elapsed = 00:00:17 . Memory (MB): peak = 1929.691 ; gain = 113.258
INFO: [Route 35-57] Estimated Timing Summary | WNS=1.959  | TNS=0.000  | WHS=0.174  | THS=0.000  |

INFO: [Route 35-327] The final timing numbers are based on the router estimated timing analysis. For a complete and accurate timing signoff, please run report_timing_summary.
Phase 10 Post Router Timing | Checksum: 2965ef40f

Time (s): cpu = 00:00:19 ; elapsed = 00:00:17 . Memory (MB): peak = 1929.691 ; gain = 113.258
INFO: [Route 35-16] Router Completed Successfully

Time (s): cpu = 00:00:19 ; elapsed = 00:00:17 . Memory (MB): peak = 1929.691 ; gain = 113.258

Routing Is Done.
INFO: [Common 17-83] Releasing license: Implementation
82 Infos, 0 Warnings, 0 Critical Warnings and 0 Errors encountered.
route_design completed successfully
route_design: Time (s): cpu = 00:00:20 ; elapsed = 00:00:17 . Memory (MB): peak = 1929.691 ; gain = 123.355
INFO: [Timing 38-480] Writing timing data to binary archive.
Writing placer database...
Writing XDEF routing.
Writing XDEF routing logical nets.
Writing XDEF routing special nets.
Write XDEF Complete: Time (s): cpu = 00:00:00 ; elapsed = 00:00:00.040 . Memory (MB): peak = 1937.465 ; gain = 7.773
INFO: [Common 17-1381] The checkpoint 'F:/FPGA/traffic_light/version1/syn/traffic_light/traffic_light.runs/impl_1/traffic_light_routed.dcp' has been generated.
INFO: [runtcl-4] Executing : report_drc -file traffic_light_drc_routed.rpt -pb traffic_light_drc_routed.pb -rpx traffic_light_drc_routed.rpx
Command: report_drc -file traffic_light_drc_routed.rpt -pb traffic_light_drc_routed.pb -rpx traffic_light_drc_routed.rpx
INFO: [IP_Flow 19-1839] IP Catalog is up to date.
INFO: [DRC 23-27] Running DRC with 2 threads
INFO: [Vivado_Tcl 2-168] The results of DRC are in file F:/FPGA/traffic_light/version1/syn/traffic_light/traffic_light.runs/impl_1/traffic_light_drc_routed.rpt.
report_drc completed successfully
INFO: [runtcl-4] Executing : report_methodology -file traffic_light_methodology_drc_routed.rpt -pb traffic_light_methodology_drc_routed.pb -rpx traffic_light_methodology_drc_routed.rpx
Command: report_methodology -file traffic_light_methodology_drc_routed.rpt -pb traffic_light_methodology_drc_routed.pb -rpx traffic_light_methodology_drc_routed.rpx
INFO: [Timing 38-35] Done setting XDC timing constraints.
INFO: [DRC 23-133] Running Methodology with 2 threads
INFO: [Vivado_Tcl 2-1520] The results of Report Methodology are in file F:/FPGA/traffic_light/version1/syn/traffic_light/traffic_light.runs/impl_1/traffic_light_methodology_drc_routed.rpt.
report_methodology completed successfully
INFO: [runtcl-4] Executing : report_power -file traffic_light_power_routed.rpt -pb traffic_light_power_summary_routed.pb -rpx traffic_light_power_routed.rpx
Command: report_power -file traffic_light_power_routed.rpt -pb traffic_light_power_summary_routed.pb -rpx traffic_light_power_routed.rpx
INFO: [Timing 38-35] Done setting XDC timing constraints.
Running Vector-less Activity Propagation...

Finished Running Vector-less Activity Propagation
94 Infos, 0 Warnings, 0 Critical Warnings and 0 Errors encountered.
report_power completed successfully
INFO: [runtcl-4] Executing : report_route_status -file traffic_light_route_status.rpt -pb traffic_light_route_status.pb
INFO: [runtcl-4] Executing : report_timing_summary -max_paths 10 -report_unconstrained -file traffic_light_timing_summary_routed.rpt -pb traffic_light_timing_summary_routed.pb -rpx traffic_light_timing_summary_routed.rpx -warn_on_violation 
INFO: [Timing 38-91] UpdateTimingParams: Speed grade: -1, Delay Type: min_max.
INFO: [Timing 38-191] Multithreading enabled for timing update using a maximum of 2 CPUs
INFO: [runtcl-4] Executing : report_incremental_reuse -file traffic_light_incremental_reuse_routed.rpt
INFO: [Vivado_Tcl 4-1062] Incremental flow is disabled. No incremental reuse Info to report.
INFO: [runtcl-4] Executing : report_clock_utilization -file traffic_light_clock_utilization_routed.rpt
INFO: [runtcl-4] Executing : report_bus_skew -warn_on_violation -file traffic_light_bus_skew_routed.rpt -pb traffic_light_bus_skew_routed.pb -rpx traffic_light_bus_skew_routed.rpx
INFO: [Timing 38-91] UpdateTimingParams: Speed grade: -1, Delay Type: min_max.
INFO: [Timing 38-191] Multithreading enabled for timing update using a maximum of 2 CPUs
Command: write_bitstream -force traffic_light.bit
Attempting to get a license for feature 'Implementation' and/or device 'xc7z020'
INFO: [Common 17-349] Got license for feature 'Implementation' and/or device 'xc7z020'
Running DRC as a precondition to command write_bitstream
INFO: [IP_Flow 19-1839] IP Catalog is up to date.
INFO: [DRC 23-27] Running DRC with 2 threads
WARNING: [DRC ZPS7-1] PS7 block required: The PS7 cell must be used in this Zynq design in order to enable correct default configuration.
INFO: [Vivado 12-3199] DRC finished with 0 Errors, 1 Warnings
INFO: [Vivado 12-3200] Please refer to the DRC report (report_drc) for more information.
INFO: [Designutils 20-2272] Running write_bitstream with 2 threads.
Loading data files...
Loading site data...
Loading route data...
Processing options...
Creating bitmap...
Creating bitstream...
Writing bitstream ./traffic_light.bit...
INFO: [Vivado 12-1842] Bitgen Completed Successfully.
INFO: [Project 1-1876] WebTalk data collection is mandatory when using a ULT device. To see the specific WebTalk data collected for your design, open the usage_statistics_webtalk.html or usage_statistics_webtalk.xml file in the implementation directory.
INFO: [Common 17-83] Releasing license: Implementation
12 Infos, 1 Warnings, 0 Critical Warnings and 0 Errors encountered.
write_bitstream completed successfully
write_bitstream: Time (s): cpu = 00:00:09 ; elapsed = 00:00:08 . Memory (MB): peak = 2409.996 ; gain = 447.441
INFO: [Common 17-206] Exiting Vivado at Tue Dec 21 16:31:03 2021...
